#
# A fatal error has been detected by the Java Runtime Environment:
#
#  EXCEPTION_ACCESS_VIOLATION (0xc0000005) at pc=0x00000215eb0baf1d, pid=20196, tid=6012
#
# JRE version: Java(TM) SE Runtime Environment (17.0+35) (build 17+35-LTS-2724)
# Java VM: Java HotSpot(TM) 64-Bit Server VM (17+35-LTS-2724, mixed mode, sharing, tiered, compressed oops, compressed class ptrs, g1 gc, windows-amd64)
# Problematic frame:
# j  java.util.regex.Matcher.getTextLength()I+4 java.base@17
#
# No core dump will be written. Minidumps are not enabled by default on client versions of Windows
#
# If you would like to submit a bug report, please visit:
#   https://bugreport.java.com/bugreport/crash.jsp
#

---------------  S U M M A R Y ------------

Command Line: -javaagent:D:\InteliJ\IntelliJ IDEA Community Edition 2021.2.2\lib\idea_rt.jar=52956:D:\InteliJ\IntelliJ IDEA Community Edition 2021.2.2\bin -Dfile.encoding=UTF-8 pl.lesson4.kwasny.pawel.Main

Host: Intel(R) Core(TM) i5-1035G1 CPU @ 1.00GHz, 8 cores, 7G,  Windows 10 , 64 bit Build 19041 (10.0.19041.1889)
Time: Mon Oct 17 22:09:01 2022  Windows 10 , 64 bit Build 19041 (10.0.19041.1889) elapsed time: 23.951887 seconds (0d 0h 0m 23s)

---------------  T H R E A D  ---------------

Current thread (0x00000215e20bd9f0):  JavaThread "main" [_thread_in_Java, id=6012, stack(0x000000d5ec700000,0x000000d5ec800000)]

Stack: [0x000000d5ec700000,0x000000d5ec800000],  sp=0x000000d5ec7ff3a8,  free space=1020k
Native frames: (J=compiled Java code, j=interpreted, Vv=VM code, C=native code)
C  0x00000215eb0baf1d


siginfo: EXCEPTION_ACCESS_VIOLATION (0xc0000005), reading address 0x000000080c1495fc


Register to memory mapping:

RIP=0x00000215eb0baf1d is at code_begin+1757 in an Interpreter codelet
invokeinterface  185 invokeinterface  [0x00000215eb0ba840, 0x00000215eb0bb340]  2816 bytes
RAX=0x000000080006c038 is a pointer to class: 
java.lang.CharSequence {0x000000080006c040}
 - instance size:     2
 - klass size:        63
 - access:            public interface abstract 
 - state:             fully_initialized
 - name:              'java/lang/CharSequence'
 - super:             'java/lang/Object'
 - sub:               
 - nof implementors:  2
 - arrays:            'java/lang/CharSequence'[]
 - methods:           Array<T>(0x0000000800624d38)
 - method ordering:   Array<T>(0x0000000800624d90)
 - default_methods:   Array<T>(0x0000000000000000)
 - local interfaces:  Array<T>(0x00000008005af3b0)
 - trans. interfaces: Array<T>(0x00000008005af3b0)
 - constants:         constant pool [130]/operands[14] {0x0000000800624888} for 'java/lang/CharSequence' cache=0x000000080006c508
 - class loader data:  loader data: 0x00000215ffdb1fb0 of 'bootstrap'
 - source file:       'CharSequence.java'
 - class annotations:       Array<T>(0x0000000000000000)
 - class type annotations:  Array<T>(0x0000000000000000)
 - field annotations:       Array<T>(0x0000000000000000)
 - field type annotations:  Array<T>(0x0000000000000000)
 - inner classes:     Array<T>(0x0000000800624d00)
 - nest members:     Array<T>(0x0000000800624dc8)
 - permitted subclasses:     Array<T>(0x00000008005af340)
 - java mirror:       a 'java/lang/Class'{0x000000008ae6bde0} = 'java/lang/CharSequence'
 - vtable length      5  (start addr: 0x000000080006c200)
 - itable length      0 (start addr: 0x000000080006c228)
 - ---- static fields (0 words):
 - ---- non-static fields (0 words):
 - non-static oop maps: 
RBX={method} {0x000000080006c7b8} 'length' '()I' in 'java/lang/CharSequence'
RCX={method} {0x000000080006c7b8} 'length' '()I' in 'java/lang/CharSequence'
RDX=0x00000008006c93e4 is pointing into metadata
RSP=0x000000d5ec7ff3a8 is pointing into the stack for thread: 0x00000215e20bd9f0
RBP=0x000000d5ec7ff3f8 is pointing into the stack for thread: 0x00000215e20bd9f0
RSI=0x00000215833d3688 points into unknown readable memory: 0x8800881533b8e793 | 93 e7 b8 33 15 88 00 88
RDI=0x00000215e2135f70 points into unknown readable memory: 0x0000002000000060 | 60 00 00 00 20 00 00 00
R8 =0x00000215e2020e40 points into unknown readable memory: 0x00000215e2020cc0 | c0 0c 02 e2 15 02 00 00
R9 =0x0000000000000001 is an unknown value
R10=0x0000000800000000 is pointing into metadata
R11=0x000000d5ec7ff360 is pointing into the stack for thread: 0x00000215e20bd9f0
R12=0x0 is NULL
R13=0x00000008006c93e4 is pointing into metadata
R14=0x000000080c1495fc is an unknown value
R15=0x00000215e20bd9f0 is a thread


Registers:
RAX=0x000000080006c038, RBX=0x000000080006c7b0, RCX=0x000000080006c7b0, RDX=0x00000008006c93e4
RSP=0x000000d5ec7ff3a8, RBP=0x000000d5ec7ff3f8, RSI=0x00000215833d3688, RDI=0x00000215e2135f70
R8 =0x00000215e2020e40, R9 =0x0000000000000001, R10=0x0000000800000000, R11=0x000000d5ec7ff360
R12=0x0000000000000000, R13=0x00000008006c93e4, R14=0x000000080c1495fc, R15=0x00000215e20bd9f0
RIP=0x00000215eb0baf1d, EFLAGS=0x0000000000010206

Top of Stack: (sp=0x000000d5ec7ff3a8)
0x000000d5ec7ff3a8:   00000215eb0a9a76 000000d5ec7ff3b0
0x000000d5ec7ff3b8:   00000008006c93e4 000000d5ec7ff408
0x000000d5ec7ff3c8:   00000008000f0b48 00000215822f7430
0x000000d5ec7ff3d8:   0000000084a6f550 00000008000f2150
0x000000d5ec7ff3e8:   0000000000000000 000000d5ec7ff408
0x000000d5ec7ff3f8:   000000d5ec7ff460 00000215eb0a9612
0x000000d5ec7ff408:   0000000000000000 0000000000000000
0x000000d5ec7ff418:   000000d5ec7ff418 00000008006c8d56
0x000000d5ec7ff428:   000000d5ec7ff478 00000008000f0b48
0x000000d5ec7ff438:   00000215822f72b8 0000000084a6f550
0x000000d5ec7ff448:   00000008000f1d88 000000d5ec7ff408
0x000000d5ec7ff458:   000000d5ec7ff478 000000d5ec7ff4c8
0x000000d5ec7ff468:   00000215eb0a9657 0000000000000000
0x000000d5ec7ff478:   0000000000000000 000000d5ec7ff480
0x000000d5ec7ff488:   00000008006c809a 000000d5ec7ff4f0
0x000000d5ec7ff498:   00000008000f0b48 00000215822f98c0 

Instructions: (pc=0x00000215eb0baf1d)
0x00000215eb0bae1d:   00 00 75 2c 48 81 7a 08 00 00 00 00 74 1e 48 81
0x00000215eb0bae2d:   7a 08 01 00 00 00 74 14 4c 33 6a 08 49 f7 c5 fc
0x00000215eb0bae3d:   ff ff ff 74 0b 48 83 4a 08 02 eb 04 4c 89 6a 08
0x00000215eb0bae4d:   48 83 c2 10 4c 8b 6a e8 41 83 ed 02 41 83 fd 02
0x00000215eb0bae5d:   0f 8c 80 00 00 00 4c 8b 6b 08 45 0f b7 6d 2c 4c
0x00000215eb0bae6d:   2b 2a 41 83 ed 01 4e 8b 6c ec 08 4d 85 ed 75 07
0x00000215eb0bae7d:   48 83 4a 08 01 eb 53 45 8b 6d 08 49 ba 00 00 00
0x00000215eb0bae8d:   00 08 00 00 00 4d 03 ea 4c 33 6a 08 49 f7 c5 fc
0x00000215eb0bae9d:   ff ff ff 74 35 49 f7 c5 02 00 00 00 75 2c 48 81
0x00000215eb0baead:   7a 08 00 00 00 00 74 1e 48 81 7a 08 01 00 00 00
0x00000215eb0baebd:   74 14 4c 33 6a 08 49 f7 c5 fc ff ff ff 74 0b 48
0x00000215eb0baecd:   83 4a 08 02 eb 04 4c 89 6a 08 48 83 c2 10 4c 8b
0x00000215eb0baedd:   6a d8 41 83 ed 04 41 c1 e5 03 49 03 d5 48 89 55
0x00000215eb0baeed:   d8 4c 8d 6c 24 08 4c 89 6d f0 ff 63 50 4c 8b 75
0x00000215eb0baefd:   c8 8b 51 08 49 ba 00 00 00 00 08 00 00 00 49 03
0x00000215eb0baf0d:   d2 48 8b cb 44 8b 72 10 4e 8d b4 f2 c8 01 00 00
0x00000215eb0baf1d:   4d 8b 2e 49 3b c5 74 15 4d 85 ed 0f 84 3f 03 00
0x00000215eb0baf2d:   00 49 83 c6 10 4d 8b 2e 49 3b c5 75 eb 4c 8b 6d
0x00000215eb0baf3d:   c0 4c 8b 6d d8 4d 85 ed 0f 84 97 00 00 00 4d 8b
0x00000215eb0baf4d:   75 18 4c 3b f2 0f 85 0f 00 00 00 49 83 45 20 01
0x00000215eb0baf5d:   49 83 5d 20 00 e9 73 00 00 00 4d 85 f6 0f 84 43
0x00000215eb0baf6d:   00 00 00 4d 8b 75 28 4c 3b f2 0f 85 0f 00 00 00
0x00000215eb0baf7d:   49 83 45 30 01 49 83 5d 30 00 e9 4e 00 00 00 4d
0x00000215eb0baf8d:   85 f6 74 0f 49 83 45 08 01 49 83 5d 08 00 e9 3a
0x00000215eb0baf9d:   00 00 00 49 89 55 28 41 be 01 00 00 00 4d 89 75
0x00000215eb0bafad:   30 e9 27 00 00 00 49 3b 55 28 0f 85 0f 00 00 00
0x00000215eb0bafbd:   49 83 45 30 01 49 83 5d 30 00 e9 0e 00 00 00 49
0x00000215eb0bafcd:   89 55 18 41 be 01 00 00 00 4d 89 75 20 49 83 c5
0x00000215eb0bafdd:   38 4c 89 6d d8 48 8b 43 08 48 8b 40 08 48 8b 40
0x00000215eb0bafed:   18 8b 5b 2c 83 eb f6 f7 db 4c 8b f2 45 8b 6e 10
0x00000215eb0baffd:   4f 8d ac ee c8 01 00 00 4d 8d 34 de 49 8b 5d 00
0x00000215eb0bb00d:   48 3b c3 74 16 48 85 db 0f 84 52 02 00 00 49 83 


Stack slot to memory mapping:
stack at sp + 0 slots: 0x00000215eb0a9a76 is at code_begin+2518 in an Interpreter codelet
return entry points  [0x00000215eb0a90a0, 0x00000215eb0a9ba0]  2816 bytes
stack at sp + 1 slots: 0x000000d5ec7ff3b0 is pointing into the stack for thread: 0x00000215e20bd9f0
stack at sp + 2 slots: 0x00000008006c93e4 is pointing into metadata
stack at sp + 3 slots: 0x000000d5ec7ff408 is pointing into the stack for thread: 0x00000215e20bd9f0
stack at sp + 4 slots: 0x00000008000f0b48 is pointing into metadata
stack at sp + 5 slots: 0x00000215822f7430 is pointing into metadata
stack at sp + 6 slots: 0x0000000084a6f550 is an oop: java.lang.Class 
{0x0000000084a6f550} - klass: 'java/lang/Class'
 - ---- fields (total size 15 words):
 - private volatile transient 'classRedefinedCount' 'I' @12  0
 - private volatile transient 'cachedConstructor' 'Ljava/lang/reflect/Constructor;' @40  NULL (0)
 - private transient 'name' 'Ljava/lang/String;' @44  NULL (0)
 - private transient 'module' 'Ljava/lang/Module;' @48  a 'java/lang/Module'{0x000000008ae00ba8} (8ae00ba8)
 - private final 'classLoader' 'Ljava/lang/ClassLoader;' @52  NULL (0)
 - private transient 'classData' 'Ljava/lang/Object;' @56  NULL (0)
 - private transient 'packageName' 'Ljava/lang/String;' @60  NULL (0)
 - private final 'componentType' 'Ljava/lang/Class;' @64  NULL (0)
 - private volatile transient 'reflectionData' 'Ljava/lang/ref/SoftReference;' @68  NULL (0)
 - private volatile transient 'genericInfo' 'Lsun/reflect/generics/repository/ClassRepository;' @72  NULL (0)
 - private volatile transient 'enumConstants' '[Ljava/lang/Object;' @76  NULL (0)
 - private volatile transient 'enumConstantDirectory' 'Ljava/util/Map;' @80  NULL (0)
 - private volatile transient 'annotationData' 'Ljava/lang/Class$AnnotationData;' @84  NULL (0)
 - private volatile transient 'annotationType' 'Lsun/reflect/annotation/AnnotationType;' @88  NULL (0)
 - transient 'classValueMap' 'Ljava/lang/ClassValue$ClassValueMap;' @92  NULL (0)
 - signature: Ljava/util/regex/Matcher;
 - fake entry for mirror: 'java/util/regex/Matcher'
 - fake entry for array: NULL
 - fake entry for oop_size: 15
 - fake entry for static_oop_field_count: 0
 - static final 'ENDANCHOR' 'I' @112  1
 - static final 'NOANCHOR' 'I' @116  0
stack at sp + 7 slots: {method} {0x00000008000f2158} 'getTextLength' '()I' in 'java/util/regex/Matcher'

invokeinterface  185 invokeinterface  [0x00000215eb0ba840, 0x00000215eb0bb340]  2816 bytes
[MachCode]
  0x00000215eb0ba840: 4883 ec08 | c5fa 1104 | 24e9 2500 | 0000 4883 | ec10 c5fb | 1104 24e9 | 1700 0000 | 4883 ec10 
  0x00000215eb0ba860: 4889 0424 | 48c7 4424 | 0800 0000 | 00e9 0100 | 0000 504c | 896d c041 | 0fb7 5501 | 488b 4dd0 
  0x00000215eb0ba880: c1e2 028b | 5cd1 20c1 | eb10 81e3 | ff00 0000 | 81fb b900 | 0000 0f84 | b600 0000 | bbb9 0000 
  0x00000215eb0ba8a0: 00e8 0500 | 0000 e99b | 0000 0048 | 8bd3 488d | 4424 084c | 896d c049 | 8bcf c5f8 | 7749 89af 
  0x00000215eb0ba8c0: 9802 0000 | 4989 8788 | 0200 0048 | 83ec 20f7 | c40f 0000 | 000f 841a | 0000 0048 | 83ec 0849 
  0x00000215eb0ba8e0: ba40 e53c | 3cfc 7f00 | 0041 ffd2 | 4883 c408 | e90d 0000 | 0049 ba40 | e53c 3cfc | 7f00 0041 
  0x00000215eb0ba900: ffd2 4883 | c420 49c7 | 8788 0200 | 0000 0000 | 0049 c787 | 9802 0000 | 0000 0000 | 49c7 8790 
  0x00000215eb0ba920: 0200 0000 | 0000 00c5 | f877 4981 | 7f08 0000 | 0000 0f84 | 0500 0000 | e9c3 65fe | ff4c 8b6d 
  0x00000215eb0ba940: c04c 8b75 | c8c3 410f | b755 0148 | 8b4d d0c1 | e202 488b | 44d1 2848 | 8b5c d130 | 8b54 d138 
  0x00000215eb0ba960: 8bca 81e1 | ff00 0000 | 488b 4ccc | f844 8bea | c1ea 1c49 | ba80 abb5 | 3cfc 7f00 | 0049 8b14 
  0x00000215eb0ba980: d252 418b | d54c 8b6d | c044 8bf2 | 4181 e600 | 0080 000f | 8486 0300 | 008b c281 | e000 0010 
  0x00000215eb0ba9a0: 000f 8470 | 0100 0048 | 3b01 488b | 45d8 4885 | c00f 8412 | 0000 0048 | 8340 0801 | 4883 5808 
  0x00000215eb0ba9c0: 0048 83c0 | 3848 8945 | d848 8b45 | d848 85c0 | 0f84 3501 | 0000 8078 | c80b 0f85 | 2b01 0000 
  0x00000215eb0ba9e0: 4883 c008 | 4c8b 68f8 | 4183 ed00 | 4183 fd02 | 0f8c 0a01 | 0000 4c8b | 6b08 450f | b76d 2c4c 
  0x00000215eb0baa00: 2b28 4183 | ed01 4e8b | 6cec 084d | 85ed 7507 | 4883 4808 | 01eb 5345 | 8b6d 0849 | ba00 0000 
  0x00000215eb0baa20: 0008 0000 | 004d 03ea | 4c33 6808 | 49f7 c5fc | ffff ff74 | 3549 f7c5 | 0200 0000 | 752c 4881 
  0x00000215eb0baa40: 7808 0000 | 0000 741e | 4881 7808 | 0100 0000 | 7414 4c33 | 6808 49f7 | c5fc ffff | ff74 0b48 
  0x00000215eb0baa60: 8348 0802 | eb04 4c89 | 6808 4883 | c010 4c8b | 68e8 4183 | ed02 4183 | fd02 0f8c | 8000 0000 
  0x00000215eb0baa80: 4c8b 6b08 | 450f b76d | 2c4c 2b28 | 4183 ed01 | 4e8b 6cec | 084d 85ed | 7507 4883 | 4808 01eb 
  0x00000215eb0baaa0: 5345 8b6d | 0849 ba00 | 0000 0008 | 0000 004d | 03ea 4c33 | 6808 49f7 | c5fc ffff | ff74 3549 
  0x00000215eb0baac0: f7c5 0200 | 0000 752c | 4881 7808 | 0000 0000 | 741e 4881 | 7808 0100 | 0000 7414 | 4c33 6808 
  0x00000215eb0baae0: 49f7 c5fc | ffff ff74 | 0b48 8348 | 0802 eb04 | 4c89 6808 | 4883 c010 | 4c8b 68d8 | 4183 ed04 
  0x00000215eb0bab00: 41c1 e503 | 4903 c548 | 8945 d84c | 8d6c 2408 | 4c89 6df0 | ff63 508b | 4108 49ba | 0000 0000 
  0x00000215eb0bab20: 0800 0000 | 4903 c24c | 8b75 d84d | 85f6 0f84 | 9500 0000 | 498b 5618 | 483b d00f | 850f 0000 
  0x00000215eb0bab40: 0049 8346 | 2001 4983 | 5e20 00e9 | 7100 0000 | 4885 d20f | 8442 0000 | 0049 8b56 | 2848 3bd0 
  0x00000215eb0bab60: 0f85 0f00 | 0000 4983 | 4630 0149 | 835e 3000 | e94c 0000 | 0048 85d2 | 740f 4983 | 4608 0149 
  0x00000215eb0bab80: 835e 0800 | e938 0000 | 0049 8946 | 28ba 0100 | 0000 4989 | 5630 e926 | 0000 0049 | 3b46 280f 
  0x00000215eb0baba0: 850f 0000 | 0049 8346 | 3001 4983 | 5e30 00e9 | 0d00 0000 | 4989 4618 | ba01 0000 | 0049 8956 
  0x00000215eb0babc0: 2049 83c6 | 384c 8975 | d848 8b9c | d8c8 0100 | 0048 8b55 | d848 85d2 | 0f84 3501 | 0000 807a 
  0x00000215eb0babe0: c80b 0f85 | 2b01 0000 | 4883 c208 | 4c8b 6af8 | 4183 ed00 | 4183 fd02 | 0f8c 0a01 | 0000 4c8b 
  0x00000215eb0bac00: 6b08 450f | b76d 2c4c | 2b2a 4183 | ed01 4e8b | 6cec 084d | 85ed 7507 | 4883 4a08 | 01eb 5345 
  0x00000215eb0bac20: 8b6d 0849 | ba00 0000 | 0008 0000 | 004d 03ea | 4c33 6a08 | 49f7 c5fc | ffff ff74 | 3549 f7c5 
  0x00000215eb0bac40: 0200 0000 | 752c 4881 | 7a08 0000 | 0000 741e | 4881 7a08 | 0100 0000 | 7414 4c33 | 6a08 49f7 
  0x00000215eb0bac60: c5fc ffff | ff74 0b48 | 834a 0802 | eb04 4c89 | 6a08 4883 | c210 4c8b | 6ae8 4183 | ed02 4183 
  0x00000215eb0bac80: fd02 0f8c | 8000 0000 | 4c8b 6b08 | 450f b76d | 2c4c 2b2a | 4183 ed01 | 4e8b 6cec | 084d 85ed 
  0x00000215eb0baca0: 7507 4883 | 4a08 01eb | 5345 8b6d | 0849 ba00 | 0000 0008 | 0000 004d | 03ea 4c33 | 6a08 49f7 
  0x00000215eb0bacc0: c5fc ffff | ff74 3549 | f7c5 0200 | 0000 752c | 4881 7a08 | 0000 0000 | 741e 4881 | 7a08 0100 
  0x00000215eb0bace0: 0000 7414 | 4c33 6a08 | 49f7 c5fc | ffff ff74 | 0b48 834a | 0802 eb04 | 4c89 6a08 | 4883 c210 
  0x00000215eb0bad00: 4c8b 6ad8 | 4183 ed04 | 41c1 e503 | 4903 d548 | 8955 d84c | 8d6c 2408 | 4c89 6df0 | ff63 5044 
  0x00000215eb0bad20: 8bf2 4181 | e600 0010 | 000f 84cb | 0100 0044 | 8b71 0849 | ba00 0000 | 0008 0000 | 004d 03f2 
  0x00000215eb0bad40: 4c3b f00f | 8444 0000 | 0044 8b68 | 144b 3b04 | 2e0f 8436 | 0000 0041 | 83fd 200f | 8524 0000 
  0x00000215eb0bad60: 0050 488b | c051 5749 | 8b7e 288b | 0f48 83c7 | 0848 85c0 | f248 af5f | 5958 7509 | 4989 4620 
  0x00000215eb0bad80: e908 0000 | 0049 8bd6 | e9e0 0400 | 0048 8b55 | d848 85d2 | 0f84 1200 | 0000 4883 | 4208 0148 
  0x00000215eb0bada0: 835a 0800 | 4883 c238 | 4889 55d8 | 488b 55d8 | 4885 d20f | 8435 0100 | 0080 7ac8 | 0b0f 852b 
  0x00000215eb0badc0: 0100 0048 | 83c2 084c | 8b6a f841 | 83ed 0041 | 83fd 020f | 8c0a 0100 | 004c 8b6b | 0845 0fb7 
  0x00000215eb0bade0: 6d2c 4c2b | 2a41 83ed | 014e 8b6c | ec08 4d85 | ed75 0748 | 834a 0801 | eb53 458b | 6d08 49ba 
  0x00000215eb0bae00: 0000 0000 | 0800 0000 | 4d03 ea4c | 336a 0849 | f7c5 fcff | ffff 7435 | 49f7 c502 | 0000 0075 
  0x00000215eb0bae20: 2c48 817a | 0800 0000 | 0074 1e48 | 817a 0801 | 0000 0074 | 144c 336a | 0849 f7c5 | fcff ffff 
  0x00000215eb0bae40: 740b 4883 | 4a08 02eb | 044c 896a | 0848 83c2 | 104c 8b6a | e841 83ed | 0241 83fd | 020f 8c80 
  0x00000215eb0bae60: 0000 004c | 8b6b 0845 | 0fb7 6d2c | 4c2b 2a41 | 83ed 014e | 8b6c ec08 | 4d85 ed75 | 0748 834a 
  0x00000215eb0bae80: 0801 eb53 | 458b 6d08 | 49ba 0000 | 0000 0800 | 0000 4d03 | ea4c 336a | 0849 f7c5 | fcff ffff 
  0x00000215eb0baea0: 7435 49f7 | c502 0000 | 0075 2c48 | 817a 0800 | 0000 0074 | 1e48 817a | 0801 0000 | 0074 144c 
  0x00000215eb0baec0: 336a 0849 | f7c5 fcff | ffff 740b | 4883 4a08 | 02eb 044c | 896a 0848 | 83c2 104c | 8b6a d841 
  0x00000215eb0baee0: 83ed 0441 | c1e5 0349 | 03d5 4889 | 55d8 4c8d | 6c24 084c | 896d f0ff | 6350 4c8b | 75c8 8b51 
  0x00000215eb0baf00: 0849 ba00 | 0000 0008 | 0000 0049 | 03d2 488b | cb44 8b72 | 104e 8db4 | f2c8 0100 | 004d 8b2e 
  0x00000215eb0baf20: 493b c574 | 154d 85ed | 0f84 3f03 | 0000 4983 | c610 4d8b | 2e49 3bc5 | 75eb 4c8b | 6dc0 4c8b 
  0x00000215eb0baf40: 6dd8 4d85 | ed0f 8497 | 0000 004d | 8b75 184c | 3bf2 0f85 | 0f00 0000 | 4983 4520 | 0149 835d 
  0x00000215eb0baf60: 2000 e973 | 0000 004d | 85f6 0f84 | 4300 0000 | 4d8b 7528 | 4c3b f20f | 850f 0000 | 0049 8345 
  0x00000215eb0baf80: 3001 4983 | 5d30 00e9 | 4e00 0000 | 4d85 f674 | 0f49 8345 | 0801 4983 | 5d08 00e9 | 3a00 0000 
  0x00000215eb0bafa0: 4989 5528 | 41be 0100 | 0000 4d89 | 7530 e927 | 0000 0049 | 3b55 280f | 850f 0000 | 0049 8345 
  0x00000215eb0bafc0: 3001 4983 | 5d30 00e9 | 0e00 0000 | 4989 5518 | 41be 0100 | 0000 4d89 | 7520 4983 | c538 4c89 
  0x00000215eb0bafe0: 6dd8 488b | 4308 488b | 4008 488b | 4018 8b5b | 2c83 ebf6 | f7db 4c8b | f245 8b6e | 104f 8dac 
  0x00000215eb0bb000: eec8 0100 | 004d 8d34 | de49 8b5d | 0048 3bc3 | 7416 4885 | db0f 8452 | 0200 0049 | 83c5 1049 
  0x00000215eb0bb020: 8b5d 0048 | 3bc3 75ea | 458b 6d08 | 4b8b 1c2e | 4885 db0f | 846a 0100 | 0048 8b55 | d848 85d2 
  0x00000215eb0bb040: 0f84 3501 | 0000 807a | c80b 0f85 | 2b01 0000 | 4883 c208 | 4c8b 6af8 | 4183 ed00 | 4183 fd02 
  0x00000215eb0bb060: 0f8c 0a01 | 0000 4c8b | 6b08 450f | b76d 2c4c | 2b2a 4183 | ed01 4e8b | 6cec 084d | 85ed 7507 
  0x00000215eb0bb080: 4883 4a08 | 01eb 5345 | 8b6d 0849 | ba00 0000 | 0008 0000 | 004d 03ea | 4c33 6a08 | 49f7 c5fc 
  0x00000215eb0bb0a0: ffff ff74 | 3549 f7c5 | 0200 0000 | 752c 4881 | 7a08 0000 | 0000 741e | 4881 7a08 | 0100 0000 
  0x00000215eb0bb0c0: 7414 4c33 | 6a08 49f7 | c5fc ffff | ff74 0b48 | 834a 0802 | eb04 4c89 | 6a08 4883 | c210 4c8b 
  0x00000215eb0bb0e0: 6ae8 4183 | ed02 4183 | fd02 0f8c | 8000 0000 | 4c8b 6b08 | 450f b76d | 2c4c 2b2a | 4183 ed01 
  0x00000215eb0bb100: 4e8b 6cec | 084d 85ed | 7507 4883 | 4a08 01eb | 5345 8b6d | 0849 ba00 | 0000 0008 | 0000 004d 
  0x00000215eb0bb120: 03ea 4c33 | 6a08 49f7 | c5fc ffff | ff74 3549 | f7c5 0200 | 0000 752c | 4881 7a08 | 0000 0000 
  0x00000215eb0bb140: 741e 4881 | 7a08 0100 | 0000 7414 | 4c33 6a08 | 49f7 c5fc | ffff ff74 | 0b48 834a | 0802 eb04 
  0x00000215eb0bb160: 4c89 6a08 | 4883 c210 | 4c8b 6ad8 | 4183 ed04 | 41c1 e503 | 4903 d548 | 8955 d84c | 8d6c 2408 
  0x00000215eb0bb180: 4c89 6df0 | ff63 5048 | b988 2e91 | 3cfc 7f00 | 0048 83e4 | f049 bac0 | 575f 3cfc | 7f00 0041 
  0x00000215eb0bb1a0: ffd2 f45b | 4c8b 6dc0 | 4c8b 75c8 | 4c8b c1e8 | 0500 0000 | e998 0000 | 0048 8d44 | 2408 4c89 
  0x00000215eb0bb1c0: 6dc0 498b | cfc5 f877 | 4989 af98 | 0200 0049 | 8987 8802 | 0000 4883 | ec20 f7c4 | 0f00 0000 
  0x00000215eb0bb1e0: 0f84 1a00 | 0000 4883 | ec08 49ba | c0f4 3c3c | fc7f 0000 | 41ff d248 | 83c4 08e9 | 0d00 0000 
  0x00000215eb0bb200: 49ba c0f4 | 3c3c fc7f | 0000 41ff | d248 83c4 | 2049 c787 | 8802 0000 | 0000 0000 | 49c7 8798 
  0x00000215eb0bb220: 0200 0000 | 0000 0049 | c787 9002 | 0000 0000 | 0000 c5f8 | 7749 817f | 0800 0000 | 000f 8405 
  0x00000215eb0bb240: 0000 00e9 | b85c feff | 4c8b 6dc0 | 4c8b 75c8 | c348 b988 | 2e91 3cfc | 7f00 0048 | 83e4 f049 
  0x00000215eb0bb260: bac0 575f | 3cfc 7f00 | 0041 ffd2 | f45b 4c8b | 6dc0 4c8b | 75c8 e805 | 0000 00e9 | 9b00 0000 
  0x00000215eb0bb280: 4c8b c048 | 8d44 2408 | 4c89 6dc0 | 498b cfc5 | f877 4989 | af98 0200 | 0049 8987 | 8802 0000 
  0x00000215eb0bb2a0: 4883 ec20 | f7c4 0f00 | 0000 0f84 | 1a00 0000 | 4883 ec08 | 49ba e0fa | 3c3c fc7f | 0000 41ff 
  0x00000215eb0bb2c0: d248 83c4 | 08e9 0d00 | 0000 49ba | e0fa 3c3c | fc7f 0000 | 41ff d248 | 83c4 2049 | c787 8802 
  0x00000215eb0bb2e0: 0000 0000 | 0000 49c7 | 8798 0200 | 0000 0000 | 0049 c787 | 9002 0000 | 0000 0000 | c5f8 7749 
  0x00000215eb0bb300: 817f 0800 | 0000 000f | 8405 0000 | 00e9 ee5b | feff 4c8b | 6dc0 4c8b | 75c8 c348 | b988 2e91 
  0x00000215eb0bb320: 3cfc 7f00 | 0048 83e4 | f049 bac0 | 575f 3cfc | 7f00 0041 | ffd2 f490 | 0000 0000 | 0000 0000 
[/MachCode]

---------------  P R O C E S S  ---------------

Threads class SMR info:
_java_thread_list=0x0000021582c85830, length=15, elements={
0x00000215e20bd9f0, 0x00000215ffee6900, 0x00000215ffee99e0, 0x00000215fff01ca0,
0x00000215fff02560, 0x00000215fff05e40, 0x00000215fff08b30, 0x00000215fff0ccf0,
0x00000215fff152c0, 0x00000215fff261e0, 0x0000021582981df0, 0x0000021582a2df40,
0x0000021582a2e410, 0x0000021582aa0620, 0x0000021583882180
}

Java Threads: ( => current thread )
=>0x00000215e20bd9f0 JavaThread "main" [_thread_in_Java, id=6012, stack(0x000000d5ec700000,0x000000d5ec800000)]
  0x00000215ffee6900 JavaThread "Reference Handler" daemon [_thread_blocked, id=17868, stack(0x000000d5ece00000,0x000000d5ecf00000)]
  0x00000215ffee99e0 JavaThread "Finalizer" daemon [_thread_blocked, id=8608, stack(0x000000d5ecf00000,0x000000d5ed000000)]
  0x00000215fff01ca0 JavaThread "Signal Dispatcher" daemon [_thread_blocked, id=15924, stack(0x000000d5ed000000,0x000000d5ed100000)]
  0x00000215fff02560 JavaThread "Attach Listener" daemon [_thread_blocked, id=22232, stack(0x000000d5ed100000,0x000000d5ed200000)]
  0x00000215fff05e40 JavaThread "Service Thread" daemon [_thread_blocked, id=1956, stack(0x000000d5ed200000,0x000000d5ed300000)]
  0x00000215fff08b30 JavaThread "Monitor Deflation Thread" daemon [_thread_blocked, id=9692, stack(0x000000d5ed300000,0x000000d5ed400000)]
  0x00000215fff0ccf0 JavaThread "C2 CompilerThread0" daemon [_thread_blocked, id=17656, stack(0x000000d5ed400000,0x000000d5ed500000)]
  0x00000215fff152c0 JavaThread "C1 CompilerThread0" daemon [_thread_blocked, id=14024, stack(0x000000d5ed500000,0x000000d5ed600000)]
  0x00000215fff261e0 JavaThread "Sweeper thread" daemon [_thread_blocked, id=12728, stack(0x000000d5ed600000,0x000000d5ed700000)]
  0x0000021582981df0 JavaThread "Common-Cleaner" daemon [_thread_blocked, id=19876, stack(0x000000d5ed700000,0x000000d5ed800000)]
  0x0000021582a2df40 JavaThread "Monitor Ctrl-Break" daemon [_thread_in_native, id=16120, stack(0x000000d5ed800000,0x000000d5ed900000)]
  0x0000021582a2e410 JavaThread "Notification Thread" daemon [_thread_blocked, id=5232, stack(0x000000d5ed900000,0x000000d5eda00000)]
  0x0000021582aa0620 JavaThread "mysql-cj-abandoned-connection-cleanup" daemon [_thread_blocked, id=5684, stack(0x000000d5edb00000,0x000000d5edc00000)]
  0x0000021583882180 JavaThread "C2 CompilerThread1" daemon [_thread_blocked, id=15772, stack(0x000000d5ee300000,0x000000d5ee400000)]

Other Threads:
  0x00000215ffedff40 VMThread "VM Thread" [stack: 0x000000d5ecd00000,0x000000d5ece00000] [id=18268]
  0x00000215e2116860 WatcherThread [stack: 0x000000d5eda00000,0x000000d5edb00000] [id=600]
  0x00000215e20fdb70 GCTaskThread "GC Thread#0" [stack: 0x000000d5ec800000,0x000000d5ec900000] [id=19044]
  0x0000021582bedaf0 GCTaskThread "GC Thread#1" [stack: 0x000000d5edc00000,0x000000d5edd00000] [id=12828]
  0x00000215833e8f00 GCTaskThread "GC Thread#2" [stack: 0x000000d5edd00000,0x000000d5ede00000] [id=15240]
  0x00000215833e71f0 GCTaskThread "GC Thread#3" [stack: 0x000000d5ede00000,0x000000d5edf00000] [id=5800]
  0x00000215833e74a0 GCTaskThread "GC Thread#4" [stack: 0x000000d5edf00000,0x000000d5ee000000] [id=13832]
  0x000002158331f830 GCTaskThread "GC Thread#5" [stack: 0x000000d5ee000000,0x000000d5ee100000] [id=2152]
  0x000002158331fae0 GCTaskThread "GC Thread#6" [stack: 0x000000d5ee100000,0x000000d5ee200000] [id=9420]
  0x00000215829ffed0 GCTaskThread "GC Thread#7" [stack: 0x000000d5ee200000,0x000000d5ee300000] [id=9556]
  0x00000215e210e080 ConcurrentGCThread "G1 Main Marker" [stack: 0x000000d5ec900000,0x000000d5eca00000] [id=10024]
  0x00000215e2110150 ConcurrentGCThread "G1 Conc#0" [stack: 0x000000d5eca00000,0x000000d5ecb00000] [id=13720]
  0x00000215e2189050 ConcurrentGCThread "G1 Refine#0" [stack: 0x000000d5ecb00000,0x000000d5ecc00000] [id=21128]
  0x00000215e2189980 ConcurrentGCThread "G1 Service" [stack: 0x000000d5ecc00000,0x000000d5ecd00000] [id=15544]

Threads with active compile tasks:

VM state: not at safepoint (normal execution)

VM Mutex/Monitor currently owned by a thread: None

Heap address: 0x0000000084a00000, size: 1974 MB, Compressed Oops mode: 32-bit

CDS archive(s) mapped at: [0x0000000800000000-0x0000000800bc0000-0x0000000800bc0000), size 12320768, SharedBaseAddress: 0x0000000800000000, ArchiveRelocationMode: 0.
Compressed class space mapped at: 0x0000000800c00000-0x0000000840c00000, reserved size: 1073741824
Narrow klass base: 0x0000000800000000, Narrow klass shift: 0, Narrow klass range: 0x100000000

GC Precious Log:
 CPUs: 8 total, 8 available
 Memory: 7894M
 Large Page Support: Disabled
 NUMA Support: Disabled
 Compressed Oops: Enabled (32-bit)
 Heap Region Size: 1M
 Heap Min Capacity: 8M
 Heap Initial Capacity: 124M
 Heap Max Capacity: 1974M
 Pre-touch: Disabled
 Parallel Workers: 8
 Concurrent Workers: 2
 Concurrent Refinement Workers: 8
 Periodic GC: Disabled

Heap:
 garbage-first heap   total 126976K, used 8114K [0x0000000084a00000, 0x0000000100000000)
  region size 1024K, 8 young (8192K), 3 survivors (3072K)
 Metaspace       used 9706K, committed 9856K, reserved 1064960K
  class space    used 1062K, committed 1152K, reserved 1048576K

Heap Regions: E=young(eden), S=young(survivor), O=old, HS=humongous(starts), HC=humongous(continues), CS=collection set, F=free, OA=open archive, CA=closed archive, TAMS=top-at-mark-start (previous, next)
|   0|0x0000000084a00000, 0x0000000084aeca00, 0x0000000084b00000| 92%| O|  |TAMS 0x0000000084a00000, 0x0000000084a00000| Untracked 
|   1|0x0000000084b00000, 0x0000000084b00000, 0x0000000084c00000|  0%| F|  |TAMS 0x0000000084b00000, 0x0000000084b00000| Untracked 
|   2|0x0000000084c00000, 0x0000000084c00000, 0x0000000084d00000|  0%| F|  |TAMS 0x0000000084c00000, 0x0000000084c00000| Untracked 
|   3|0x0000000084d00000, 0x0000000084d00000, 0x0000000084e00000|  0%| F|  |TAMS 0x0000000084d00000, 0x0000000084d00000| Untracked 
|   4|0x0000000084e00000, 0x0000000084e00000, 0x0000000084f00000|  0%| F|  |TAMS 0x0000000084e00000, 0x0000000084e00000| Untracked 
|   5|0x0000000084f00000, 0x0000000084f00000, 0x0000000085000000|  0%| F|  |TAMS 0x0000000084f00000, 0x0000000084f00000| Untracked 
|   6|0x0000000085000000, 0x0000000085000000, 0x0000000085100000|  0%| F|  |TAMS 0x0000000085000000, 0x0000000085000000| Untracked 
|   7|0x0000000085100000, 0x0000000085100000, 0x0000000085200000|  0%| F|  |TAMS 0x0000000085100000, 0x0000000085100000| Untracked 
|   8|0x0000000085200000, 0x0000000085200000, 0x0000000085300000|  0%| F|  |TAMS 0x0000000085200000, 0x0000000085200000| Untracked 
|   9|0x0000000085300000, 0x0000000085300000, 0x0000000085400000|  0%| F|  |TAMS 0x0000000085300000, 0x0000000085300000| Untracked 
|  10|0x0000000085400000, 0x0000000085400000, 0x0000000085500000|  0%| F|  |TAMS 0x0000000085400000, 0x0000000085400000| Untracked 
|  11|0x0000000085500000, 0x0000000085500000, 0x0000000085600000|  0%| F|  |TAMS 0x0000000085500000, 0x0000000085500000| Untracked 
|  12|0x0000000085600000, 0x0000000085600000, 0x0000000085700000|  0%| F|  |TAMS 0x0000000085600000, 0x0000000085600000| Untracked 
|  13|0x0000000085700000, 0x0000000085700000, 0x0000000085800000|  0%| F|  |TAMS 0x0000000085700000, 0x0000000085700000| Untracked 
|  14|0x0000000085800000, 0x0000000085800000, 0x0000000085900000|  0%| F|  |TAMS 0x0000000085800000, 0x0000000085800000| Untracked 
|  15|0x0000000085900000, 0x0000000085900000, 0x0000000085a00000|  0%| F|  |TAMS 0x0000000085900000, 0x0000000085900000| Untracked 
|  16|0x0000000085a00000, 0x0000000085a00000, 0x0000000085b00000|  0%| F|  |TAMS 0x0000000085a00000, 0x0000000085a00000| Untracked 
|  17|0x0000000085b00000, 0x0000000085b00000, 0x0000000085c00000|  0%| F|  |TAMS 0x0000000085b00000, 0x0000000085b00000| Untracked 
|  18|0x0000000085c00000, 0x0000000085c00000, 0x0000000085d00000|  0%| F|  |TAMS 0x0000000085c00000, 0x0000000085c00000| Untracked 
|  19|0x0000000085d00000, 0x0000000085d00000, 0x0000000085e00000|  0%| F|  |TAMS 0x0000000085d00000, 0x0000000085d00000| Untracked 
|  20|0x0000000085e00000, 0x0000000085e00000, 0x0000000085f00000|  0%| F|  |TAMS 0x0000000085e00000, 0x0000000085e00000| Untracked 
|  21|0x0000000085f00000, 0x0000000085f00000, 0x0000000086000000|  0%| F|  |TAMS 0x0000000085f00000, 0x0000000085f00000| Untracked 
|  22|0x0000000086000000, 0x0000000086000000, 0x0000000086100000|  0%| F|  |TAMS 0x0000000086000000, 0x0000000086000000| Untracked 
|  23|0x0000000086100000, 0x0000000086100000, 0x0000000086200000|  0%| F|  |TAMS 0x0000000086100000, 0x0000000086100000| Untracked 
|  24|0x0000000086200000, 0x0000000086200000, 0x0000000086300000|  0%| F|  |TAMS 0x0000000086200000, 0x0000000086200000| Untracked 
|  25|0x0000000086300000, 0x0000000086300000, 0x0000000086400000|  0%| F|  |TAMS 0x0000000086300000, 0x0000000086300000| Untracked 
|  26|0x0000000086400000, 0x0000000086400000, 0x0000000086500000|  0%| F|  |TAMS 0x0000000086400000, 0x0000000086400000| Untracked 
|  27|0x0000000086500000, 0x0000000086500000, 0x0000000086600000|  0%| F|  |TAMS 0x0000000086500000, 0x0000000086500000| Untracked 
|  28|0x0000000086600000, 0x0000000086600000, 0x0000000086700000|  0%| F|  |TAMS 0x0000000086600000, 0x0000000086600000| Untracked 
|  29|0x0000000086700000, 0x0000000086700000, 0x0000000086800000|  0%| F|  |TAMS 0x0000000086700000, 0x0000000086700000| Untracked 
|  30|0x0000000086800000, 0x0000000086800000, 0x0000000086900000|  0%| F|  |TAMS 0x0000000086800000, 0x0000000086800000| Untracked 
|  31|0x0000000086900000, 0x0000000086900000, 0x0000000086a00000|  0%| F|  |TAMS 0x0000000086900000, 0x0000000086900000| Untracked 
|  32|0x0000000086a00000, 0x0000000086a00000, 0x0000000086b00000|  0%| F|  |TAMS 0x0000000086a00000, 0x0000000086a00000| Untracked 
|  33|0x0000000086b00000, 0x0000000086b00000, 0x0000000086c00000|  0%| F|  |TAMS 0x0000000086b00000, 0x0000000086b00000| Untracked 
|  34|0x0000000086c00000, 0x0000000086c00000, 0x0000000086d00000|  0%| F|  |TAMS 0x0000000086c00000, 0x0000000086c00000| Untracked 
|  35|0x0000000086d00000, 0x0000000086d00000, 0x0000000086e00000|  0%| F|  |TAMS 0x0000000086d00000, 0x0000000086d00000| Untracked 
|  36|0x0000000086e00000, 0x0000000086e00000, 0x0000000086f00000|  0%| F|  |TAMS 0x0000000086e00000, 0x0000000086e00000| Untracked 
|  37|0x0000000086f00000, 0x0000000086f00000, 0x0000000087000000|  0%| F|  |TAMS 0x0000000086f00000, 0x0000000086f00000| Untracked 
|  38|0x0000000087000000, 0x0000000087000000, 0x0000000087100000|  0%| F|  |TAMS 0x0000000087000000, 0x0000000087000000| Untracked 
|  39|0x0000000087100000, 0x0000000087100000, 0x0000000087200000|  0%| F|  |TAMS 0x0000000087100000, 0x0000000087100000| Untracked 
|  40|0x0000000087200000, 0x0000000087200000, 0x0000000087300000|  0%| F|  |TAMS 0x0000000087200000, 0x0000000087200000| Untracked 
|  41|0x0000000087300000, 0x0000000087300000, 0x0000000087400000|  0%| F|  |TAMS 0x0000000087300000, 0x0000000087300000| Untracked 
|  42|0x0000000087400000, 0x0000000087400000, 0x0000000087500000|  0%| F|  |TAMS 0x0000000087400000, 0x0000000087400000| Untracked 
|  43|0x0000000087500000, 0x0000000087500000, 0x0000000087600000|  0%| F|  |TAMS 0x0000000087500000, 0x0000000087500000| Untracked 
|  44|0x0000000087600000, 0x0000000087600000, 0x0000000087700000|  0%| F|  |TAMS 0x0000000087600000, 0x0000000087600000| Untracked 
|  45|0x0000000087700000, 0x0000000087700000, 0x0000000087800000|  0%| F|  |TAMS 0x0000000087700000, 0x0000000087700000| Untracked 
|  46|0x0000000087800000, 0x0000000087800000, 0x0000000087900000|  0%| F|  |TAMS 0x0000000087800000, 0x0000000087800000| Untracked 
|  47|0x0000000087900000, 0x0000000087900000, 0x0000000087a00000|  0%| F|  |TAMS 0x0000000087900000, 0x0000000087900000| Untracked 
|  48|0x0000000087a00000, 0x0000000087a00000, 0x0000000087b00000|  0%| F|  |TAMS 0x0000000087a00000, 0x0000000087a00000| Untracked 
|  49|0x0000000087b00000, 0x0000000087b00000, 0x0000000087c00000|  0%| F|  |TAMS 0x0000000087b00000, 0x0000000087b00000| Untracked 
|  50|0x0000000087c00000, 0x0000000087c00000, 0x0000000087d00000|  0%| F|  |TAMS 0x0000000087c00000, 0x0000000087c00000| Untracked 
|  51|0x0000000087d00000, 0x0000000087d00000, 0x0000000087e00000|  0%| F|  |TAMS 0x0000000087d00000, 0x0000000087d00000| Untracked 
|  52|0x0000000087e00000, 0x0000000087e00000, 0x0000000087f00000|  0%| F|  |TAMS 0x0000000087e00000, 0x0000000087e00000| Untracked 
|  53|0x0000000087f00000, 0x0000000087f00000, 0x0000000088000000|  0%| F|  |TAMS 0x0000000087f00000, 0x0000000087f00000| Untracked 
|  54|0x0000000088000000, 0x0000000088000000, 0x0000000088100000|  0%| F|  |TAMS 0x0000000088000000, 0x0000000088000000| Untracked 
|  55|0x0000000088100000, 0x0000000088100000, 0x0000000088200000|  0%| F|  |TAMS 0x0000000088100000, 0x0000000088100000| Untracked 
|  56|0x0000000088200000, 0x0000000088200000, 0x0000000088300000|  0%| F|  |TAMS 0x0000000088200000, 0x0000000088200000| Untracked 
|  57|0x0000000088300000, 0x0000000088300000, 0x0000000088400000|  0%| F|  |TAMS 0x0000000088300000, 0x0000000088300000| Untracked 
|  58|0x0000000088400000, 0x0000000088400000, 0x0000000088500000|  0%| F|  |TAMS 0x0000000088400000, 0x0000000088400000| Untracked 
|  59|0x0000000088500000, 0x0000000088500000, 0x0000000088600000|  0%| F|  |TAMS 0x0000000088500000, 0x0000000088500000| Untracked 
|  60|0x0000000088600000, 0x0000000088600000, 0x0000000088700000|  0%| F|  |TAMS 0x0000000088600000, 0x0000000088600000| Untracked 
|  61|0x0000000088700000, 0x0000000088700000, 0x0000000088800000|  0%| F|  |TAMS 0x0000000088700000, 0x0000000088700000| Untracked 
|  62|0x0000000088800000, 0x0000000088800000, 0x0000000088900000|  0%| F|  |TAMS 0x0000000088800000, 0x0000000088800000| Untracked 
|  63|0x0000000088900000, 0x0000000088900000, 0x0000000088a00000|  0%| F|  |TAMS 0x0000000088900000, 0x0000000088900000| Untracked 
|  64|0x0000000088a00000, 0x0000000088a00000, 0x0000000088b00000|  0%| F|  |TAMS 0x0000000088a00000, 0x0000000088a00000| Untracked 
|  65|0x0000000088b00000, 0x0000000088b00000, 0x0000000088c00000|  0%| F|  |TAMS 0x0000000088b00000, 0x0000000088b00000| Untracked 
|  66|0x0000000088c00000, 0x0000000088c00000, 0x0000000088d00000|  0%| F|  |TAMS 0x0000000088c00000, 0x0000000088c00000| Untracked 
|  67|0x0000000088d00000, 0x0000000088d00000, 0x0000000088e00000|  0%| F|  |TAMS 0x0000000088d00000, 0x0000000088d00000| Untracked 
|  68|0x0000000088e00000, 0x0000000088e00000, 0x0000000088f00000|  0%| F|  |TAMS 0x0000000088e00000, 0x0000000088e00000| Untracked 
|  69|0x0000000088f00000, 0x0000000088f00000, 0x0000000089000000|  0%| F|  |TAMS 0x0000000088f00000, 0x0000000088f00000| Untracked 
|  70|0x0000000089000000, 0x0000000089000000, 0x0000000089100000|  0%| F|  |TAMS 0x0000000089000000, 0x0000000089000000| Untracked 
|  71|0x0000000089100000, 0x0000000089100000, 0x0000000089200000|  0%| F|  |TAMS 0x0000000089100000, 0x0000000089100000| Untracked 
|  72|0x0000000089200000, 0x0000000089200000, 0x0000000089300000|  0%| F|  |TAMS 0x0000000089200000, 0x0000000089200000| Untracked 
|  73|0x0000000089300000, 0x0000000089300000, 0x0000000089400000|  0%| F|  |TAMS 0x0000000089300000, 0x0000000089300000| Untracked 
|  74|0x0000000089400000, 0x0000000089400000, 0x0000000089500000|  0%| F|  |TAMS 0x0000000089400000, 0x0000000089400000| Untracked 
|  75|0x0000000089500000, 0x0000000089500000, 0x0000000089600000|  0%| F|  |TAMS 0x0000000089500000, 0x0000000089500000| Untracked 
|  76|0x0000000089600000, 0x0000000089600000, 0x0000000089700000|  0%| F|  |TAMS 0x0000000089600000, 0x0000000089600000| Untracked 
|  77|0x0000000089700000, 0x0000000089700000, 0x0000000089800000|  0%| F|  |TAMS 0x0000000089700000, 0x0000000089700000| Untracked 
|  78|0x0000000089800000, 0x0000000089800000, 0x0000000089900000|  0%| F|  |TAMS 0x0000000089800000, 0x0000000089800000| Untracked 
|  79|0x0000000089900000, 0x0000000089900000, 0x0000000089a00000|  0%| F|  |TAMS 0x0000000089900000, 0x0000000089900000| Untracked 
|  80|0x0000000089a00000, 0x0000000089a00000, 0x0000000089b00000|  0%| F|  |TAMS 0x0000000089a00000, 0x0000000089a00000| Untracked 
|  81|0x0000000089b00000, 0x0000000089b00000, 0x0000000089c00000|  0%| F|  |TAMS 0x0000000089b00000, 0x0000000089b00000| Untracked 
|  82|0x0000000089c00000, 0x0000000089c00000, 0x0000000089d00000|  0%| F|  |TAMS 0x0000000089c00000, 0x0000000089c00000| Untracked 
|  83|0x0000000089d00000, 0x0000000089d00000, 0x0000000089e00000|  0%| F|  |TAMS 0x0000000089d00000, 0x0000000089d00000| Untracked 
|  84|0x0000000089e00000, 0x0000000089e00000, 0x0000000089f00000|  0%| F|  |TAMS 0x0000000089e00000, 0x0000000089e00000| Untracked 
|  85|0x0000000089f00000, 0x0000000089f00000, 0x000000008a000000|  0%| F|  |TAMS 0x0000000089f00000, 0x0000000089f00000| Untracked 
|  86|0x000000008a000000, 0x000000008a000000, 0x000000008a100000|  0%| F|  |TAMS 0x000000008a000000, 0x000000008a000000| Untracked 
|  87|0x000000008a100000, 0x000000008a100000, 0x000000008a200000|  0%| F|  |TAMS 0x000000008a100000, 0x000000008a100000| Untracked 
|  88|0x000000008a200000, 0x000000008a200000, 0x000000008a300000|  0%| F|  |TAMS 0x000000008a200000, 0x000000008a200000| Untracked 
|  89|0x000000008a300000, 0x000000008a300000, 0x000000008a400000|  0%| F|  |TAMS 0x000000008a300000, 0x000000008a300000| Untracked 
|  90|0x000000008a400000, 0x000000008a400000, 0x000000008a500000|  0%| F|  |TAMS 0x000000008a400000, 0x000000008a400000| Untracked 
|  91|0x000000008a500000, 0x000000008a500000, 0x000000008a600000|  0%| F|  |TAMS 0x000000008a500000, 0x000000008a500000| Untracked 
|  92|0x000000008a600000, 0x000000008a600000, 0x000000008a700000|  0%| F|  |TAMS 0x000000008a600000, 0x000000008a600000| Untracked 
|  93|0x000000008a700000, 0x000000008a700000, 0x000000008a800000|  0%| F|  |TAMS 0x000000008a700000, 0x000000008a700000| Untracked 
|  94|0x000000008a800000, 0x000000008a800000, 0x000000008a900000|  0%| F|  |TAMS 0x000000008a800000, 0x000000008a800000| Untracked 
|  95|0x000000008a900000, 0x000000008a900000, 0x000000008aa00000|  0%| F|  |TAMS 0x000000008a900000, 0x000000008a900000| Untracked 
|  96|0x000000008aa00000, 0x000000008aa00000, 0x000000008ab00000|  0%| F|  |TAMS 0x000000008aa00000, 0x000000008aa00000| Untracked 
|  97|0x000000008ab00000, 0x000000008ab00000, 0x000000008ac00000|  0%| F|  |TAMS 0x000000008ab00000, 0x000000008ab00000| Untracked 
|  98|0x000000008ac00000, 0x000000008ad00000, 0x000000008ad00000|100%| S|CS|TAMS 0x000000008ac00000, 0x000000008ac00000| Complete 
|  99|0x000000008ad00000, 0x000000008ae00000, 0x000000008ae00000|100%| S|CS|TAMS 0x000000008ad00000, 0x000000008ad00000| Complete 
| 100|0x000000008ae00000, 0x000000008af00000, 0x000000008af00000|100%| S|CS|TAMS 0x000000008ae00000, 0x000000008ae00000| Complete 
| 101|0x000000008af00000, 0x000000008af00000, 0x000000008b000000|  0%| F|  |TAMS 0x000000008af00000, 0x000000008af00000| Untracked 
| 102|0x000000008b000000, 0x000000008b000000, 0x000000008b100000|  0%| F|  |TAMS 0x000000008b000000, 0x000000008b000000| Untracked 
| 103|0x000000008b100000, 0x000000008b100000, 0x000000008b200000|  0%| F|  |TAMS 0x000000008b100000, 0x000000008b100000| Untracked 
| 104|0x000000008b200000, 0x000000008b200000, 0x000000008b300000|  0%| F|  |TAMS 0x000000008b200000, 0x000000008b200000| Untracked 
| 105|0x000000008b300000, 0x000000008b300000, 0x000000008b400000|  0%| F|  |TAMS 0x000000008b300000, 0x000000008b300000| Untracked 
| 106|0x000000008b400000, 0x000000008b400000, 0x000000008b500000|  0%| F|  |TAMS 0x000000008b400000, 0x000000008b400000| Untracked 
| 107|0x000000008b500000, 0x000000008b500000, 0x000000008b600000|  0%| F|  |TAMS 0x000000008b500000, 0x000000008b500000| Untracked 
| 108|0x000000008b600000, 0x000000008b600000, 0x000000008b700000|  0%| F|  |TAMS 0x000000008b600000, 0x000000008b600000| Untracked 
| 109|0x000000008b700000, 0x000000008b700000, 0x000000008b800000|  0%| F|  |TAMS 0x000000008b700000, 0x000000008b700000| Untracked 
| 110|0x000000008b800000, 0x000000008b800000, 0x000000008b900000|  0%| F|  |TAMS 0x000000008b800000, 0x000000008b800000| Untracked 
| 111|0x000000008b900000, 0x000000008b900000, 0x000000008ba00000|  0%| F|  |TAMS 0x000000008b900000, 0x000000008b900000| Untracked 
| 112|0x000000008ba00000, 0x000000008ba00000, 0x000000008bb00000|  0%| F|  |TAMS 0x000000008ba00000, 0x000000008ba00000| Untracked 
| 113|0x000000008bb00000, 0x000000008bb00000, 0x000000008bc00000|  0%| F|  |TAMS 0x000000008bb00000, 0x000000008bb00000| Untracked 
| 114|0x000000008bc00000, 0x000000008bc00000, 0x000000008bd00000|  0%| F|  |TAMS 0x000000008bc00000, 0x000000008bc00000| Untracked 
| 115|0x000000008bd00000, 0x000000008bd00000, 0x000000008be00000|  0%| F|  |TAMS 0x000000008bd00000, 0x000000008bd00000| Untracked 
| 116|0x000000008be00000, 0x000000008be00000, 0x000000008bf00000|  0%| F|  |TAMS 0x000000008be00000, 0x000000008be00000| Untracked 
| 117|0x000000008bf00000, 0x000000008bf00000, 0x000000008c000000|  0%| F|  |TAMS 0x000000008bf00000, 0x000000008bf00000| Untracked 
| 118|0x000000008c000000, 0x000000008c000000, 0x000000008c100000|  0%| F|  |TAMS 0x000000008c000000, 0x000000008c000000| Untracked 
| 119|0x000000008c100000, 0x000000008c200000, 0x000000008c200000|100%| E|  |TAMS 0x000000008c100000, 0x000000008c100000| Complete 
| 120|0x000000008c200000, 0x000000008c300000, 0x000000008c300000|100%| E|CS|TAMS 0x000000008c200000, 0x000000008c200000| Complete 
| 121|0x000000008c300000, 0x000000008c400000, 0x000000008c400000|100%| E|CS|TAMS 0x000000008c300000, 0x000000008c300000| Complete 
| 122|0x000000008c400000, 0x000000008c500000, 0x000000008c500000|100%| E|CS|TAMS 0x000000008c400000, 0x000000008c400000| Complete 
| 123|0x000000008c500000, 0x000000008c600000, 0x000000008c600000|100%| E|CS|TAMS 0x000000008c500000, 0x000000008c500000| Complete 

Card table byte_map: [0x00000215faf10000,0x00000215fb2f0000] _byte_map_base: 0x00000215faaeb000

Marking Bits (Prev, Next): (CMBitMap*) 0x00000215e20fe090, (CMBitMap*) 0x00000215e20fe0d0
 Prev Bits: [0x00000215fb6d0000, 0x00000215fd5a8000)
 Next Bits: [0x00000215fd5b0000, 0x00000215ff488000)

Polling page: 0x00000215e21a0000

Metaspace:

Usage:
  Non-class:      8.44 MB used.
      Class:      1.04 MB used.
       Both:      9.48 MB used.

Virtual space:
  Non-class space:       16.00 MB reserved,       8.50 MB ( 53%) committed,  2 nodes.
      Class space:        1.00 GB reserved,       1.12 MB ( <1%) committed,  1 nodes.
             Both:        1.02 GB reserved,       9.62 MB ( <1%) committed. 

Chunk freelists:
   Non-Class:  2.70 MB
       Class:  2.70 MB
        Both:  5.41 MB

MaxMetaspaceSize: unlimited
CompressedClassSpaceSize: 1.00 GB
Initial GC threshold: 21.00 MB
Current GC threshold: 21.00 MB
CDS: on
MetaspaceReclaimPolicy: balanced
 - commit_granule_bytes: 65536.
 - commit_granule_words: 8192.
 - virtual_space_node_default_size: 1048576.
 - enlarge_chunks_in_place: 1.
 - new_chunks_are_fully_committed: 0.
 - uncommit_free_chunks: 1.
 - use_allocation_guard: 0.
 - handle_deallocations: 1.


Internal statistics:

num_allocs_failed_limit: 0.
num_arena_births: 58.
num_arena_deaths: 0.
num_vsnodes_births: 3.
num_vsnodes_deaths: 0.
num_space_committed: 154.
num_space_uncommitted: 0.
num_chunks_returned_to_freelist: 0.
num_chunks_taken_from_freelist: 204.
num_chunk_merges: 0.
num_chunk_splits: 128.
num_chunks_enlarged: 87.
num_purges: 0.
num_inconsistent_stats: 0.

CodeHeap 'non-profiled nmethods': size=120000Kb used=538Kb max_used=538Kb free=119462Kb
 bounds [0x00000215f2b70000, 0x00000215f2de0000, 0x00000215fa0a0000]
CodeHeap 'profiled nmethods': size=120000Kb used=2273Kb max_used=2273Kb free=117726Kb
 bounds [0x00000215eb640000, 0x00000215eb8b0000, 0x00000215f2b70000]
CodeHeap 'non-nmethods': size=5760Kb used=1229Kb max_used=1254Kb free=4530Kb
 bounds [0x00000215eb0a0000, 0x00000215eb310000, 0x00000215eb640000]
 total_blobs=1820 nmethods=1300 adapters=433
 compilation: enabled
              stopped_count=0, restarted_count=0
 full_count=0

Compilation events (20 events):
Event: 23.348 Thread 0x00000215fff0ccf0 1292   !   4       java.io.PrintStream::println (44 bytes)
Event: 23.375 Thread 0x00000215fff0ccf0 nmethod 1292 0x00000215f2bec390 code [0x00000215f2bec660, 0x00000215f2bef628]
Event: 23.375 Thread 0x00000215fff0ccf0 1294       4       java.lang.NullPointerException::<init> (5 bytes)
Event: 23.375 Thread 0x0000021583882180 1293   !   4       java.io.BufferedWriter::flushBuffer (53 bytes)
Event: 23.378 Thread 0x00000215fff0ccf0 nmethod 1294 0x00000215f2bf1310 code [0x00000215f2bf14a0, 0x00000215f2bf1a48]
Event: 23.378 Thread 0x00000215fff0ccf0 1298       4       java.lang.Throwable::<init> (29 bytes)
Event: 23.381 Thread 0x00000215fff0ccf0 nmethod 1298 0x00000215f2bf1c10 code [0x00000215f2bf1dc0, 0x00000215f2bf2368]
Event: 23.381 Thread 0x00000215fff0ccf0 1296  s    4       java.io.BufferedOutputStream::write (67 bytes)
Event: 23.382 Thread 0x00000215fff0ccf0 nmethod 1296 0x00000215f2bf2510 code [0x00000215f2bf26a0, 0x00000215f2bf29b8]
Event: 23.382 Thread 0x00000215fff0ccf0 1297       4       pl.lesson4.kwasny.pawel.product.ProductService::<init> (17 bytes)
Event: 23.383 Thread 0x0000021583882180 nmethod 1293 0x00000215f2bf2b10 code [0x00000215f2bf2ce0, 0x00000215f2bf39c8]
Event: 23.383 Thread 0x0000021583882180 1295       4       java.nio.ByteBuffer::clear (7 bytes)
Event: 23.383 Thread 0x00000215fff0ccf0 nmethod 1297 0x00000215f2bf4390 code [0x00000215f2bf4520, 0x00000215f2bf46d8]
Event: 23.384 Thread 0x0000021583882180 nmethod 1295 0x00000215f2bf4790 code [0x00000215f2bf4900, 0x00000215f2bf4998]
Event: 23.388 Thread 0x00000215fff152c0 1299       3       java.io.File::<init> (111 bytes)
Event: 23.389 Thread 0x00000215fff0ccf0 1300       4       pl.lesson4.kwasny.pawel.UserIO::prepareProductToAdd (37 bytes)
Event: 23.389 Thread 0x0000021583882180 1301       4       pl.lesson4.kwasny.pawel.UserIO::getEanToAddProduct (64 bytes)
Event: 23.389 Thread 0x00000215fff152c0 nmethod 1299 0x00000215eb877590 code [0x00000215eb877840, 0x00000215eb878288]
Event: 23.399 Thread 0x00000215fff0ccf0 nmethod 1300 0x00000215f2bf4a90 code [0x00000215f2bf4c40, 0x00000215f2bf5368]
Event: 23.400 Thread 0x0000021583882180 nmethod 1301 0x00000215f2bf5990 code [0x00000215f2bf5b40, 0x00000215f2bf6248]

GC Heap History (2 events):
Event: 23.342 GC heap before
{Heap before GC invocations=0 (full 0):
 garbage-first heap   total 126976K, used 22528K [0x0000000084a00000, 0x0000000100000000)
  region size 1024K, 23 young (23552K), 0 survivors (0K)
 Metaspace       used 9701K, committed 9856K, reserved 1064960K
  class space    used 1061K, committed 1152K, reserved 1048576K
}
Event: 23.347 GC heap after
{Heap after GC invocations=1 (full 0):
 garbage-first heap   total 126976K, used 4018K [0x0000000084a00000, 0x0000000100000000)
  region size 1024K, 3 young (3072K), 3 survivors (3072K)
 Metaspace       used 9701K, committed 9856K, reserved 1064960K
  class space    used 1061K, committed 1152K, reserved 1048576K
}

Deoptimization events (20 events):
Event: 18.472 Thread 0x00000215e20bd9f0 Uncommon trap: trap_request=0xffffffc6 fr.pc=0x00000215f2bcb180 relative=0x0000000000000ca0
Event: 18.472 Thread 0x00000215e20bd9f0 Uncommon trap: reason=bimorphic_or_optimized_type_check action=maybe_recompile pc=0x00000215f2bcb180 method=java.util.regex.Pattern$Branch.match(Ljava/util/regex/Matcher;ILjava/lang/CharSequence;)Z @ 50 c2
Event: 18.472 Thread 0x00000215e20bd9f0 DEOPT PACKING pc=0x00000215f2bcb180 sp=0x000000d5ec7ff1c0
Event: 18.472 Thread 0x00000215e20bd9f0 DEOPT UNPACKING pc=0x00000215eb0f5c23 sp=0x000000d5ec7ff1c0 mode 2
Event: 23.241 Thread 0x00000215e20bd9f0 Uncommon trap: trap_request=0xffffffde fr.pc=0x00000215f2bce57c relative=0x00000000000013fc
Event: 23.241 Thread 0x00000215e20bd9f0 Uncommon trap: reason=class_check action=maybe_recompile pc=0x00000215f2bce57c method=java.util.regex.Matcher.search(I)Z @ 121 c2
Event: 23.241 Thread 0x00000215e20bd9f0 DEOPT PACKING pc=0x00000215f2bce57c sp=0x000000d5ec7ff3d0
Event: 23.241 Thread 0x00000215e20bd9f0 DEOPT UNPACKING pc=0x00000215eb0f5c23 sp=0x000000d5ec7ff420 mode 2
Event: 23.292 Thread 0x00000215e20bd9f0 DEOPT PACKING pc=0x00000215eb85ea7f sp=0x000000d5ec7ff130
Event: 23.292 Thread 0x00000215e20bd9f0 DEOPT UNPACKING pc=0x00000215eb0f6763 sp=0x000000d5ec7fe698 mode 0
Event: 23.294 Thread 0x00000215e20bd9f0 DEOPT PACKING pc=0x00000215eb85ea7f sp=0x000000d5ec7ff130
Event: 23.294 Thread 0x00000215e20bd9f0 DEOPT UNPACKING pc=0x00000215eb0f6763 sp=0x000000d5ec7fe698 mode 0
Event: 23.295 Thread 0x00000215e20bd9f0 DEOPT PACKING pc=0x00000215eb85ea7f sp=0x000000d5ec7ff130
Event: 23.295 Thread 0x00000215e20bd9f0 DEOPT UNPACKING pc=0x00000215eb0f6763 sp=0x000000d5ec7fe698 mode 0
Event: 23.297 Thread 0x00000215e20bd9f0 DEOPT PACKING pc=0x00000215eb85ea7f sp=0x000000d5ec7ff130
Event: 23.297 Thread 0x00000215e20bd9f0 DEOPT UNPACKING pc=0x00000215eb0f6763 sp=0x000000d5ec7fe698 mode 0
Event: 23.399 Thread 0x00000215e20bd9f0 Uncommon trap: trap_request=0xfffffff6 fr.pc=0x00000215f2bf5268 relative=0x0000000000000628
Event: 23.399 Thread 0x00000215e20bd9f0 Uncommon trap: reason=null_check action=maybe_recompile pc=0x00000215f2bf5268 method=java.util.regex.Matcher.getTextLength()I @ 4 c2
Event: 23.399 Thread 0x00000215e20bd9f0 DEOPT PACKING pc=0x00000215f2bf5268 sp=0x000000d5ec7ff670
Event: 23.399 Thread 0x00000215e20bd9f0 DEOPT UNPACKING pc=0x00000215eb0f5c23 sp=0x000000d5ec7ff380 mode 2

Classes unloaded (0 events):
No events

Classes redefined (0 events):
No events

Internal exceptions (20 events):
Event: 23.399 Thread 0x00000215e20bd9f0 Exception <a 'java/lang/NullPointerException'{0x000000008c18f080}> (0x000000008c18f080) 
thrown [t:\workspace\open\src\hotspot\share\runtime\sharedRuntime.cpp, line 1156]
Event: 23.399 Thread 0x00000215e20bd9f0 Exception <a 'java/lang/NullPointerException'{0x000000008c18f480}> (0x000000008c18f480) 
thrown [t:\workspace\open\src\hotspot\share\runtime\sharedRuntime.cpp, line 1156]
Event: 23.399 Thread 0x00000215e20bd9f0 Exception <a 'java/lang/NullPointerException'{0x000000008c18f880}> (0x000000008c18f880) 
thrown [t:\workspace\open\src\hotspot\share\runtime\sharedRuntime.cpp, line 1156]
Event: 23.399 Thread 0x00000215e20bd9f0 Exception <a 'java/lang/NullPointerException'{0x000000008c18fc80}> (0x000000008c18fc80) 
thrown [t:\workspace\open\src\hotspot\share\runtime\sharedRuntime.cpp, line 1156]
Event: 23.399 Thread 0x00000215e20bd9f0 Exception <a 'java/lang/NullPointerException'{0x000000008c190080}> (0x000000008c190080) 
thrown [t:\workspace\open\src\hotspot\share\runtime\sharedRuntime.cpp, line 1156]
Event: 23.399 Thread 0x00000215e20bd9f0 Exception <a 'java/lang/NullPointerException'{0x000000008c190480}> (0x000000008c190480) 
thrown [t:\workspace\open\src\hotspot\share\runtime\sharedRuntime.cpp, line 1156]
Event: 23.399 Thread 0x00000215e20bd9f0 Exception <a 'java/lang/NullPointerException'{0x000000008c190880}> (0x000000008c190880) 
thrown [t:\workspace\open\src\hotspot\share\runtime\sharedRuntime.cpp, line 1156]
Event: 23.399 Thread 0x00000215e20bd9f0 Exception <a 'java/lang/NullPointerException'{0x000000008c190c80}> (0x000000008c190c80) 
thrown [t:\workspace\open\src\hotspot\share\runtime\sharedRuntime.cpp, line 1156]
Event: 23.399 Thread 0x00000215e20bd9f0 Exception <a 'java/lang/NullPointerException'{0x000000008c191080}> (0x000000008c191080) 
thrown [t:\workspace\open\src\hotspot\share\runtime\sharedRuntime.cpp, line 1156]
Event: 23.399 Thread 0x00000215e20bd9f0 Exception <a 'java/lang/NullPointerException'{0x000000008c191480}> (0x000000008c191480) 
thrown [t:\workspace\open\src\hotspot\share\runtime\sharedRuntime.cpp, line 1156]
Event: 23.399 Thread 0x00000215e20bd9f0 Exception <a 'java/lang/NullPointerException'{0x000000008c191880}> (0x000000008c191880) 
thrown [t:\workspace\open\src\hotspot\share\runtime\sharedRuntime.cpp, line 1156]
Event: 23.399 Thread 0x00000215e20bd9f0 Exception <a 'java/lang/NullPointerException'{0x000000008c191c80}> (0x000000008c191c80) 
thrown [t:\workspace\open\src\hotspot\share\runtime\sharedRuntime.cpp, line 1156]
Event: 23.399 Thread 0x00000215e20bd9f0 Exception <a 'java/lang/NullPointerException'{0x000000008c192080}> (0x000000008c192080) 
thrown [t:\workspace\open\src\hotspot\share\runtime\sharedRuntime.cpp, line 1156]
Event: 23.399 Thread 0x00000215e20bd9f0 Exception <a 'java/lang/NullPointerException'{0x000000008c192480}> (0x000000008c192480) 
thrown [t:\workspace\open\src\hotspot\share\runtime\sharedRuntime.cpp, line 1156]
Event: 23.399 Thread 0x00000215e20bd9f0 Exception <a 'java/lang/NullPointerException'{0x000000008c192880}> (0x000000008c192880) 
thrown [t:\workspace\open\src\hotspot\share\runtime\sharedRuntime.cpp, line 1156]
Event: 23.399 Thread 0x00000215e20bd9f0 Exception <a 'java/lang/NullPointerException'{0x000000008c192c80}> (0x000000008c192c80) 
thrown [t:\workspace\open\src\hotspot\share\runtime\sharedRuntime.cpp, line 1156]
Event: 23.399 Thread 0x00000215e20bd9f0 Exception <a 'java/lang/NullPointerException'{0x000000008c193080}> (0x000000008c193080) 
thrown [t:\workspace\open\src\hotspot\share\runtime\sharedRuntime.cpp, line 1156]
Event: 23.399 Thread 0x00000215e20bd9f0 Exception <a 'java/lang/NullPointerException'{0x000000008c193480}> (0x000000008c193480) 
thrown [t:\workspace\open\src\hotspot\share\runtime\sharedRuntime.cpp, line 1156]
Event: 23.399 Thread 0x00000215e20bd9f0 Exception <a 'java/lang/NullPointerException'{0x000000008c193880}> (0x000000008c193880) 
thrown [t:\workspace\open\src\hotspot\share\runtime\sharedRuntime.cpp, line 1156]
Event: 23.399 Thread 0x00000215e20bd9f0 Exception <a 'java/lang/NullPointerException'{0x000000008c193c80}> (0x000000008c193c80) 
thrown [t:\workspace\open\src\hotspot\share\runtime\sharedRuntime.cpp, line 1156]

VM Operations (18 events):
Event: 0.101 Executing VM operation: HandshakeAllThreads
Event: 0.102 Executing VM operation: HandshakeAllThreads done
Event: 0.115 Executing VM operation: HandshakeAllThreads
Event: 0.115 Executing VM operation: HandshakeAllThreads done
Event: 0.395 Executing VM operation: HandshakeAllThreads
Event: 0.395 Executing VM operation: HandshakeAllThreads done
Event: 0.435 Executing VM operation: HandshakeAllThreads
Event: 0.435 Executing VM operation: HandshakeAllThreads done
Event: 0.543 Executing VM operation: ICBufferFull
Event: 0.543 Executing VM operation: ICBufferFull done
Event: 0.708 Executing VM operation: HandshakeAllThreads
Event: 0.708 Executing VM operation: HandshakeAllThreads done
Event: 1.722 Executing VM operation: Cleanup
Event: 1.722 Executing VM operation: Cleanup done
Event: 18.902 Executing VM operation: Cleanup
Event: 18.903 Executing VM operation: Cleanup done
Event: 23.342 Executing VM operation: G1CollectForAllocation
Event: 23.347 Executing VM operation: G1CollectForAllocation done

Events (20 events):
Event: 1.018 loading class sun/util/resources/TimeZoneNamesBundle
Event: 1.018 loading class sun/util/resources/OpenListResourceBundle
Event: 1.018 loading class sun/util/resources/OpenListResourceBundle done
Event: 1.018 loading class sun/util/resources/TimeZoneNamesBundle done
Event: 1.018 loading class sun/util/resources/cldr/TimeZoneNames done
Event: 1.018 loading class sun/util/resources/cldr/TimeZoneNames_en
Event: 1.018 loading class sun/util/resources/cldr/TimeZoneNames_en done
Event: 1.018 loading class sun/util/resources/cldr/TimeZoneNames_en_US
Event: 1.018 loading class sun/util/resources/cldr/TimeZoneNames_en_US done
Event: 1.019 loading class sun/util/resources/TimeZoneNames
Event: 1.020 loading class sun/util/resources/TimeZoneNames done
Event: 1.020 loading class sun/util/resources/TimeZoneNames_en
Event: 1.020 loading class sun/util/resources/TimeZoneNames_en done
Event: 18.471 loading class java/util/regex/Pattern$1
Event: 18.471 loading class java/util/regex/Pattern$1 done
Event: 18.472 loading class java/util/regex/Matcher$ImmutableMatchResult
Event: 18.472 loading class java/util/regex/Matcher$ImmutableMatchResult done
Event: 23.341 loading class jdk/internal/access/foreign/MemorySegmentProxy
Event: 23.342 loading class jdk/internal/access/foreign/MemorySegmentProxy done
Event: 23.375 Thread 0x0000021583882180 Thread added: 0x0000021583882180


Dynamic libraries:
0x00007ff61f7f0000 - 0x00007ff61f800000 	D:\JDK\bin\java.exe
0x00007ffc8b3f0000 - 0x00007ffc8b5e8000 	C:\WINDOWS\SYSTEM32\ntdll.dll
0x00007ffc8af80000 - 0x00007ffc8b03d000 	C:\WINDOWS\System32\KERNEL32.DLL
0x00007ffc88b10000 - 0x00007ffc88dde000 	C:\WINDOWS\System32\KERNELBASE.dll
0x00007ffc88de0000 - 0x00007ffc88ee0000 	C:\WINDOWS\System32\ucrtbase.dll
0x00007ffc83310000 - 0x00007ffc8332a000 	D:\JDK\bin\VCRUNTIME140.dll
0x00007ffc85ce0000 - 0x00007ffc85cf8000 	D:\JDK\bin\jli.dll
0x00007ffc8a410000 - 0x00007ffc8a4be000 	C:\WINDOWS\System32\ADVAPI32.dll
0x00007ffc89a60000 - 0x00007ffc89afe000 	C:\WINDOWS\System32\msvcrt.dll
0x00007ffc8ae30000 - 0x00007ffc8aecc000 	C:\WINDOWS\System32\sechost.dll
0x00007ffc8a2e0000 - 0x00007ffc8a405000 	C:\WINDOWS\System32\RPCRT4.dll
0x00007ffc898c0000 - 0x00007ffc89a60000 	C:\WINDOWS\System32\USER32.dll
0x00007ffc892a0000 - 0x00007ffc892c2000 	C:\WINDOWS\System32\win32u.dll
0x00007ffc89b00000 - 0x00007ffc89b2a000 	C:\WINDOWS\System32\GDI32.dll
0x00007ffc66640000 - 0x00007ffc668da000 	C:\WINDOWS\WinSxS\amd64_microsoft.windows.common-controls_6595b64144ccf1df_6.0.19041.1110_none_60b5254171f9507e\COMCTL32.dll
0x00007ffc89340000 - 0x00007ffc8944b000 	C:\WINDOWS\System32\gdi32full.dll
0x00007ffc891b0000 - 0x00007ffc8924d000 	C:\WINDOWS\System32\msvcp_win.dll
0x00007ffc7bfe0000 - 0x00007ffc7bfea000 	C:\WINDOWS\SYSTEM32\VERSION.dll
0x00007ffc8a2b0000 - 0x00007ffc8a2e0000 	C:\WINDOWS\System32\IMM32.DLL
0x00007ffc85fd0000 - 0x00007ffc85fdc000 	D:\JDK\bin\vcruntime140_1.dll
0x00007ffc6e430000 - 0x00007ffc6e4bd000 	D:\JDK\bin\msvcp140.dll
0x00007ffc3c050000 - 0x00007ffc3cc0e000 	D:\JDK\bin\server\jvm.dll
0x00007ffc8b3a0000 - 0x00007ffc8b3a8000 	C:\WINDOWS\System32\PSAPI.DLL
0x00007ffc85cc0000 - 0x00007ffc85cc9000 	C:\WINDOWS\SYSTEM32\WSOCK32.dll
0x00007ffc64400000 - 0x00007ffc64427000 	C:\WINDOWS\SYSTEM32\WINMM.dll
0x00007ffc8a240000 - 0x00007ffc8a2ab000 	C:\WINDOWS\System32\WS2_32.dll
0x00007ffc87390000 - 0x00007ffc873a2000 	C:\WINDOWS\SYSTEM32\kernel.appcore.dll
0x00007ffc85cd0000 - 0x00007ffc85cda000 	D:\JDK\bin\jimage.dll
0x00007ffc86900000 - 0x00007ffc86ae4000 	C:\WINDOWS\SYSTEM32\DBGHELP.DLL
0x00007ffc76220000 - 0x00007ffc7624c000 	C:\WINDOWS\SYSTEM32\dbgcore.DLL
0x00007ffc89120000 - 0x00007ffc891a2000 	C:\WINDOWS\System32\bcryptPrimitives.dll
0x00007ffc83790000 - 0x00007ffc8379e000 	D:\JDK\bin\instrument.dll
0x00007ffc83130000 - 0x00007ffc83155000 	D:\JDK\bin\java.dll
0x00007ffc6d420000 - 0x00007ffc6d4f6000 	D:\JDK\bin\svml.dll
0x00007ffc8a660000 - 0x00007ffc8ada3000 	C:\WINDOWS\System32\SHELL32.dll
0x00007ffc86be0000 - 0x00007ffc87375000 	C:\WINDOWS\SYSTEM32\windows.storage.dll
0x00007ffc8b040000 - 0x00007ffc8b394000 	C:\WINDOWS\System32\combase.dll
0x00007ffc884a0000 - 0x00007ffc884d0000 	C:\WINDOWS\SYSTEM32\Wldp.dll
0x00007ffc8a190000 - 0x00007ffc8a23d000 	C:\WINDOWS\System32\SHCORE.dll
0x00007ffc8add0000 - 0x00007ffc8ae25000 	C:\WINDOWS\System32\shlwapi.dll
0x00007ffc88a50000 - 0x00007ffc88a6f000 	C:\WINDOWS\SYSTEM32\profapi.dll
0x00007ffc82060000 - 0x00007ffc82078000 	D:\JDK\bin\zip.dll
0x00007ffc831b0000 - 0x00007ffc831c9000 	D:\JDK\bin\net.dll
0x00007ffc7fa50000 - 0x00007ffc7fb5a000 	C:\WINDOWS\SYSTEM32\WINHTTP.dll
0x00007ffc88200000 - 0x00007ffc8826a000 	C:\WINDOWS\system32\mswsock.dll
0x00007ffc820b0000 - 0x00007ffc820c5000 	D:\JDK\bin\nio.dll
0x00007ffc818a0000 - 0x00007ffc818ba000 	D:\InteliJ\IntelliJ IDEA Community Edition 2021.2.2\bin\breakgen64.dll
0x00007ffc87f30000 - 0x00007ffc87ffa000 	C:\WINDOWS\SYSTEM32\DNSAPI.dll
0x00007ffc87ef0000 - 0x00007ffc87f2b000 	C:\WINDOWS\SYSTEM32\IPHLPAPI.DLL
0x00007ffc8a640000 - 0x00007ffc8a648000 	C:\WINDOWS\System32\NSI.dll
0x00007ffc7f850000 - 0x00007ffc7f85a000 	C:\Windows\System32\rasadhlp.dll
0x00007ffc845b0000 - 0x00007ffc84630000 	C:\WINDOWS\System32\fwpuclnt.dll
0x00007ffc89040000 - 0x00007ffc89067000 	C:\WINDOWS\System32\bcrypt.dll
0x00007ffc883f0000 - 0x00007ffc88408000 	C:\WINDOWS\SYSTEM32\CRYPTSP.dll
0x00007ffc87b80000 - 0x00007ffc87bb4000 	C:\WINDOWS\system32\rsaenh.dll
0x00007ffc88a10000 - 0x00007ffc88a3e000 	C:\WINDOWS\SYSTEM32\USERENV.dll
0x00007ffc88410000 - 0x00007ffc8841c000 	C:\WINDOWS\SYSTEM32\CRYPTBASE.dll
0x00007ffc82b40000 - 0x00007ffc82b57000 	C:\WINDOWS\SYSTEM32\dhcpcsvc6.DLL
0x00007ffc82a00000 - 0x00007ffc82a1d000 	C:\WINDOWS\SYSTEM32\dhcpcsvc.DLL
0x00007ffc820a0000 - 0x00007ffc820ae000 	D:\JDK\bin\sunmscapi.dll
0x00007ffc88ee0000 - 0x00007ffc89036000 	C:\WINDOWS\System32\CRYPT32.dll
0x00007ffc88510000 - 0x00007ffc88537000 	C:\WINDOWS\SYSTEM32\ncrypt.dll
0x00007ffc884d0000 - 0x00007ffc8850b000 	C:\WINDOWS\SYSTEM32\NTASN1.dll

dbghelp: loaded successfully - version: 4.0.5 - missing functions: none
symbol engine: initialized successfully - sym options: 0x614 - pdb path: .;D:\JDK\bin;C:\WINDOWS\SYSTEM32;C:\WINDOWS\WinSxS\amd64_microsoft.windows.common-controls_6595b64144ccf1df_6.0.19041.1110_none_60b5254171f9507e;D:\JDK\bin\server;D:\InteliJ\IntelliJ IDEA Community Edition 2021.2.2\bin

VM Arguments:
jvm_args: -javaagent:D:\InteliJ\IntelliJ IDEA Community Edition 2021.2.2\lib\idea_rt.jar=52956:D:\InteliJ\IntelliJ IDEA Community Edition 2021.2.2\bin -Dfile.encoding=UTF-8 
java_command: pl.lesson4.kwasny.pawel.Main
java_class_path (initial): D:\Project\Lesson21\out\production\Lesson21;D:\Driver\mysql-connector-java-8.0.26\mysql-connector-java-8.0.26.jar
Launcher Type: SUN_STANDARD

[Global flags]
     intx CICompilerCount                          = 4                                         {product} {ergonomic}
     uint ConcGCThreads                            = 2                                         {product} {ergonomic}
     uint G1ConcRefinementThreads                  = 8                                         {product} {ergonomic}
   size_t G1HeapRegionSize                         = 1048576                                   {product} {ergonomic}
    uintx GCDrainStackTargetSize                   = 64                                        {product} {ergonomic}
   size_t InitialHeapSize                          = 130023424                                 {product} {ergonomic}
   size_t MarkStackSize                            = 4194304                                   {product} {ergonomic}
   size_t MaxHeapSize                              = 2069889024                                {product} {ergonomic}
   size_t MaxNewSize                               = 1241513984                                {product} {ergonomic}
   size_t MinHeapDeltaBytes                        = 1048576                                   {product} {ergonomic}
   size_t MinHeapSize                              = 8388608                                   {product} {ergonomic}
    uintx NonNMethodCodeHeapSize                   = 5839372                                {pd product} {ergonomic}
    uintx NonProfiledCodeHeapSize                  = 122909434                              {pd product} {ergonomic}
    uintx ProfiledCodeHeapSize                     = 122909434                              {pd product} {ergonomic}
    uintx ReservedCodeCacheSize                    = 251658240                              {pd product} {ergonomic}
     bool SegmentedCodeCache                       = true                                      {product} {ergonomic}
   size_t SoftMaxHeapSize                          = 2069889024                             {manageable} {ergonomic}
     bool UseCompressedClassPointers               = true                           {product lp64_product} {ergonomic}
     bool UseCompressedOops                        = true                           {product lp64_product} {ergonomic}
     bool UseG1GC                                  = true                                      {product} {ergonomic}
     bool UseLargePagesIndividualAllocation        = false                                  {pd product} {ergonomic}

Logging:
Log output configuration:
 #0: stdout all=warning uptime,level,tags
 #1: stderr all=off uptime,level,tags

Environment Variables:
PATH=C:\Program Files\Common Files\Oracle\Java\javapath;C:\WINDOWS\system32;C:\WINDOWS;C:\WINDOWS\System32\Wbem;C:\WINDOWS\System32\WindowsPowerShell\v1.0\;C:\WINDOWS\System32\OpenSSH\;C:\Program Files (x86)\Microsoft VS Code\bin;C:\Program Files\Git\cmd;C:\Program Files\MySQL\MySQL Shell 8.0\bin\;C:\Users\pszych\AppData\Local\Microsoft\WindowsApps;;C:\Program Files\Azure Data Studio\bin
USERNAME=pszych
OS=Windows_NT
PROCESSOR_IDENTIFIER=Intel64 Family 6 Model 126 Stepping 5, GenuineIntel



---------------  S Y S T E M  ---------------

OS:
 Windows 10 , 64 bit Build 19041 (10.0.19041.1889)
OS uptime: 5 days 13:52 hours

CPU: total 8 (initial active 8) (4 cores per cpu, 2 threads per core) family 6 model 126 stepping 5 microcode 0xa0, cx8, cmov, fxsr, ht, mmx, 3dnowpref, sse, sse2, sse3, ssse3, sse4.1, sse4.2, popcnt, lzcnt, tsc, tscinvbit, avx, avx2, aes, erms, clmul, bmi1, bmi2, adx, avx512f, avx512dq, avx512cd, avx512bw, avx512vl, sha, fma, vzeroupper, avx512_vpopcntdq, avx512_vpclmulqdq, avx512_vaes, avx512_vnni, clflush, clflushopt, avx512_vbmi2, avx512_vbmi

Memory: 4k page, system-wide physical 7894M (1738M free)
TotalPageFile size 16191M (AvailPageFile size 5630M)
current process WorkingSet (physical memory assigned to process): 84M, peak: 84M
current process commit charge ("private bytes"): 224M, peak: 228M

vm_info: Java HotSpot(TM) 64-Bit Server VM (17+35-LTS-2724) for windows-amd64 JRE (17+35-LTS-2724), built on Aug  5 2021 23:28:28 by "mach5one" with MS VC++ 16.8 (VS2019)

END.
